15-01-2024 16:46:19 - INFO - Filtering country by ['Netherland', 'United Kingdom']
15-01-2024 16:46:19 - INFO - Renaming columns
15-01-2024 16:46:21 - INFO - Dataframe saved to C:\Projects\codac\client_data\result.csv
15-01-2024 16:46:21 - INFO - Program is finished
15-01-2024 16:50:24 - INFO - Loading file: C:\Projects\codac\raw_data\dataset_one.csv
15-01-2024 16:50:28 - INFO - csv loaded with 1000 rows
15-01-2024 16:50:28 - INFO - Droping ['first_name', 'last_name'] from dataframe
15-01-2024 16:50:28 - INFO - Loading file: C:\Projects\codac\raw_data\dataset_two.csv
15-01-2024 16:50:28 - INFO - csv loaded with 1000 rows
15-01-2024 16:50:28 - INFO - Droping ['cc_n'] from dataframe
15-01-2024 16:50:28 - INFO - Joining two dataframes
15-01-2024 16:50:28 - INFO - Filtering country by ['Netherland', 'United Kingdom']
15-01-2024 16:50:28 - INFO - Renaming columns
15-01-2024 16:50:31 - INFO - Dataframe saved to C:\Projects\codac\client_data\result.csv
15-01-2024 16:50:31 - INFO - Program is finished
16-01-2024 12:27:18 - INFO - Filtering first_name by ['Hosea', 'Rebekah']
16-01-2024 12:27:23 - INFO - Droping ['id'] from dataframe
16-01-2024 12:27:23 - INFO - Renaming columns
16-01-2024 12:27:23 - INFO - Joining two dataframes
16-01-2024 12:41:39 - INFO - Filtering first_name by ['Hosea', 'Rebekah']
16-01-2024 12:41:42 - INFO - Droping ['id'] from dataframe
16-01-2024 12:41:42 - INFO - Droping ['id'] from dataframe
16-01-2024 12:41:42 - INFO - Renaming columns
16-01-2024 12:41:42 - INFO - Renaming columns
16-01-2024 12:41:42 - INFO - Renaming columns
16-01-2024 12:41:42 - INFO - Joining two dataframes
16-01-2024 12:41:42 - INFO - Joining two dataframes
16-01-2024 12:41:42 - INFO - Joining two dataframes
16-01-2024 12:41:42 - INFO - Joining two dataframes
